2018-01-24T05:53:50.252Z - info: No custom webpack config webpack.config.dev.js found in dirs CWD; CWD/archetype/config/webpack
2018-01-24T05:53:50.267Z - info: Entry point configuration /home/crivera/js/elec/src/client/entry.config.js is not found, using default entry point...
2018-01-24T05:53:50.938Z - info: PWA enabled with config from /home/crivera/js/elec/config/sw-config.js
2018-01-24T05:53:51.059Z - info: Not disabling NodeSourcePlugin.  NODE_ENV: 'development'
2018-01-24T05:53:51.060Z - verbose: Final Webpack config {
  "cache": true,
  "plugins": [
    {
      "options": {
        "options": {
          "debug": false
        },
        "test": {}
      },
      "__name": "LoaderOptionsPlugin"
    },
    {
      "filename": "[name].style.[hash].css",
      "id": 1,
      "options": {},
      "__name": "ExtractTextPlugin"
    },
    {
      "options": {
        "size": 4000,
        "preserve": true,
        "defer": true
      },
      "__name": "CSSSplitWebpackPlugin"
    },
    {
      "options": {
        "options": {
          "context": "/home/crivera/js/elec/src",
          "stylus": {}
        },
        "test": {}
      },
      "__name": "LoaderOptionsPlugin"
    },
    {
      "opts": {
        "filename": "../server/stats.json",
        "fields": [
          "assetsByChunkName",
          "assets"
        ]
      },
      "__name": "StatsWriterPlugin"
    },
    {
      "config": {
        "valid": false
      },
      "options": {
        "assetsFile": "../isomorphic-assets.json",
        "webpackDev": {
          "url": "http://192.168.0.12:2992",
          "addUrl": false
        }
      },
      "__name": "IsomorphicLoaderPlugin"
    },
    {
      "options": {
        "prefix": "icons-[hash]/",
        "emitStats": true,
        "statsFilename": "../server/iconstats.json",
        "persistentCache": true,
        "inject": false,
        "background": "#FFFFFF",
        "logo": "/home/crivera/js/elec/src/client/images/electrode.png",
        "title": "elec",
        "icons": {
          "android": true,
          "appleIcon": true,
          "appleStartup": true,
          "coast": false,
          "favicons": true,
          "firefox": true,
          "opengraph": false,
          "twitter": false,
          "yandex": false,
          "windows": false
        }
      },
      "__name": "FaviconsWebpackPlugin"
    },
    {
      "fields": {
        "short_name": "PWA",
        "theme_color": "#FFFFFF"
      },
      "regex": {},
      "__name": "AddManifestFieldsPlugin"
    },
    {
      "config": {},
      "options": {
        "cacheId": "elec",
        "filename": "service-worker.js",
        "importScripts": [],
        "staticFileGlobsIgnorePatterns": [],
        "mergeStaticsConfig": false,
        "minify": false,
        "staticFileGlobs": [
          "dist/**/*"
        ],
        "stripPrefix": "dist/js/",
        "filepath": "dist/sw.js",
        "maximumFileSizeToCacheInBytes": 4194304,
        "skipWaiting": false,
        "noWarning": true,
        "runtimeCaching": [
          {
            "handler": "fastest",
            "urlPattern": {}
          }
        ]
      },
      "overrides": {},
      "warnings": [],
      "__name": "SWPrecacheWebpackPlugin"
    },
    {
      "opts": {
        "files": [
          {
            "asset": {},
            "output": {
              "filename": "stats.json"
            }
          }
        ],
        "output": {
          "path": "/home/crivera/js/elec/.etmp"
        }
      },
      "__name": "DiskPlugin"
    },
    {
      "definitions": {
        "process.env.NODE_ENV": "\"development\""
      },
      "__name": "DefinePlugin"
    },
    {
      "sourceMappingURLComment": "\n//# sourceMappingURL=[url]",
      "moduleFilenameTemplate": "webpack:///[resourcePath]",
      "fallbackModuleFilenameTemplate": "webpack:///[resourcePath]?[hash]",
      "options": {
        "sourceMapFilename": "[file].map"
      },
      "__name": "SourceMapDevToolPlugin"
    },
    {
      "filename": "[name].style.css",
      "id": 2,
      "options": {},
      "__name": "ExtractTextPlugin"
    },
    {
      "__name": "NoEmitOnErrorsPlugin"
    }
  ],
  "context": "/home/crivera/js/elec/src/client",
  "entry": "./app.jsx",
  "output": {
    "path": "/home/crivera/js/elec/dist/js",
    "pathinfo": false,
    "publicPath": "http://192.168.0.12:2992/js/",
    "chunkFilename": "[hash].[name].js",
    "filename": "[name].bundle.dev.js"
  },
  "resolve": {
    "alias": {},
    "plugins": [
      {
        "source": "module",
        "path": "node_modules",
        "target": "resolve"
      }
    ],
    "modules": [
      "/home/crivera/js/elec/src",
      "/home/crivera/js/elec",
      "node_modules"
    ],
    "extensions": [
      ".js",
      ".jsx",
      ".json"
    ]
  },
  "resolveLoader": {
    "modules": [
      "/home/crivera/js/elec/lib",
      "/home/crivera/js/elec"
    ],
    "plugins": [
      {
        "source": "module",
        "path": "node_modules",
        "target": "resolve"
      }
    ]
  },
  "module": {
    "rules": [
      {
        "test": {},
        "use": [
          {
            "loader": "babel-loader"
          }
        ]
      },
      {
        "test": {},
        "loader": [
          {
            "loader": "/home/crivera/js/elec/node_modules/extract-text-webpack-plugin/dist/loader.js",
            "options": {
              "omit": 1,
              "remove": true,
              "publicPath": ""
            }
          },
          {
            "loader": "/home/crivera/js/elec/node_modules/style-loader/index.js"
          },
          {
            "loader": "/home/crivera/js/elec/node_modules/css-loader/index.js?modules&localIdentName=[name]__[local]___[hash:base64:5]&-autoprefixer"
          },
          {
            "loader": "/home/crivera/js/elec/node_modules/postcss-loader/index.js"
          }
        ]
      },
      {
        "test": {},
        "use": [
          {
            "loader": "postcss-loader",
            "options": {
              "browsers": [
                "last 2 versions",
                "ie >= 9",
                "> 5%"
              ]
            }
          }
        ]
      },
      {
        "test": {},
        "use": [
          {
            "loader": "/home/crivera/js/elec/node_modules/url-loader/index.js",
            "options": {
              "limit": 1000,
              "mimetype": "application/font-woff"
            }
          },
          "/home/crivera/js/elec/node_modules/isomorphic-loader/index.js"
        ]
      },
      {
        "test": {},
        "use": [
          "/home/crivera/js/elec/node_modules/file-loader/index.js",
          "/home/crivera/js/elec/node_modules/isomorphic-loader/index.js"
        ]
      },
      {
        "test": {},
        "use": [
          {
            "loader": "/home/crivera/js/elec/node_modules/electrode-cdn-file-loader/index.js",
            "options": {
              "limit": 10000
            }
          },
          "/home/crivera/js/elec/node_modules/isomorphic-loader/index.js"
        ]
      },
      {
        "test": {},
        "use": [
          {
            "loader": "/home/crivera/js/elec/node_modules/file-loader/index.js",
            "options": {
              "name": "manifest.json"
            }
          },
          "/home/crivera/js/elec/node_modules/web-app-manifest-loader/index.js"
        ]
      }
    ]
  },
  "devServer": {
    "https": false,
    "public": "192.168.0.12:2992",
    "headers": {
      "Access-Control-Allow-Origin": "http://192.168.0.12:2992"
    }
  }
}
2018-01-24T05:54:10.444Z - info: APP_SRC_DIR set to src/
